#
# A fatal error has been detected by the Java Runtime Environment:
#
#  SIGSEGV (0xb) at pc=0x00007f76a32834f4, pid=22608, tid=140147841861376
#
# JRE version: OpenJDK Runtime Environment (7.0_51) (build 1.7.0_51-b00)
# Java VM: OpenJDK 64-Bit Server VM (24.45-b08 mixed mode linux-amd64 compressed oops)
# Problematic frame:
# C  [libindri_jni.so+0x1ce4f4]  indri::api::QueryEnvironment::_copyStatistics(std::vector<indri::lang::RawScorerNode*, std::allocator<indri::lang::RawScorerNode*> >&, std::map<std::string, std::map<std::string, std::vector<indri::api::ScoredExtentResult, std::allocator<indri::api::ScoredExtentResult> >, std::less<std::string>, std::allocator<std::pair<std::string const, std::vector<indri::api::ScoredExtentResult, std::allocator<indri::api::ScoredExtentResult> > > > >, std::less<std::string>, std::allocator<std::pair<std::string const, std::map<std::string, std::vector<indri::api::ScoredExtentResult, std::allocator<indri::api::ScoredExtentResult> >, std::less<std::string>, std::allocator<std::pair<std::string const, std::vector<indri::api::ScoredExtentResult, std::allocator<indri::api::ScoredExtentResult> > > > > > > >&)+0xb14
#
# Failed to write core dump. Core dumps have been disabled. To enable core dumping, try "ulimit -c unlimited" before starting Java again
#
# If you would like to submit a bug report, please include
# instructions on how to reproduce the bug and visit:
#   http://icedtea.classpath.org/bugzilla
# The crash happened outside the Java Virtual Machine in native code.
# See problematic frame for where to report the bug.
#

---------------  T H R E A D  ---------------

Current thread (0x00007f76b000b000):  JavaThread "main" [_thread_in_native, id=22611, stack(0x00007f76b6448000,0x00007f76b6549000)]

siginfo:si_signo=SIGSEGV: si_errno=0, si_code=1 (SEGV_MAPERR), si_addr=0x0000000000000000

Registers:
RAX=0x0000000000000000, RBX=0x00007f76b017ff70, RCX=0x0000000000000000, RDX=0x00007f76b017f960
RSP=0x00007f76b65459b0, RBP=0x00007f76b017ffd0, RSI=0x00007f76b654599f, RDI=0x00007f76b017fda0
R8 =0x0000000000000000, R9 =0x0000000000000040, R10=0x00000000fffffc00, R11=0x0000000000000001
R12=0x00007f76b6545de8, R13=0x00007f76b017fcc0, R14=0x00007f76b017fd50, R15=0x00007f76b017fe50
RIP=0x00007f76a32834f4, EFLAGS=0x0000000000010202, CSGSFS=0x0000000000000033, ERR=0x0000000000000004
  TRAPNO=0x000000000000000e

Top of Stack: (sp=0x00007f76b65459b0)
0x00007f76b65459b0:   00007f76b017ffa0 00007f76b6545e98
0x00007f76b65459c0:   00007f76b6545e90 0000000000000000
0x00007f76b65459d0:   0000000000000001 00007f76b6545de8
0x00007f76b65459e0:   00007f76b6545a00 00007f76b6545af8
0x00007f76b65459f0:   00007f76b017f288 00007f760000003c
0x00007f76b6545a00:   00007f7600000000 0000000000000000
0x00007f76b6545a10:   00007f76b6545a00 00007f76b6545a00
0x00007f76b6545a20:   0000000000000000 0000000000000000
0x00007f76b6545a30:   00007f76a30e8db0 00007f76a30fb855
0x00007f76b6545a40:   0000000000000000 0000000000000000
0x00007f76b6545a50:   00007f76b0170110 00007f76a30fdf7c
0x00007f76b6545a60:   00007f76a30efd28 00007f76a30e8db0
0x00007f76b6545a70:   0000000500000000 000000010000199f
0x00007f76b6545a80:   0000000000000000 00007f76b0170470
0x00007f76b6545a90:   00007f76b6545c00 00000000f34571fc
0x00007f76b6545aa0:   0000000000000000 00007f76b6545c20
0x00007f76b6545ab0:   00007f76b0170110 00007f76b6350523
0x00007f76b6545ac0:   0000000000000000 0000000000000000
0x00007f76b6545ad0:   00007f7600000005 0000000000000000
0x00007f76b6545ae0:   00007f7600000001 00007f76b0170110
0x00007f76b6545af0:   00007f76b6545ef0 00007f7600000000
0x00007f76b6545b00:   0000000000000000 00007f76b6545af8
0x00007f76b6545b10:   00007f76b6545af8 0000000000000000
0x00007f76b6545b20:   0000000000000000 00007f76b0170468
0x00007f76b6545b30:   00000001b6545ef0 00007f76b017eea0
0x00007f76b6545b40:   00007f76b6546200 00007f76a30fdf7c
0x00007f76b6545b50:   00007f76b6545e90 00007f76a32837a4
0x00007f76b6545b60:   0000000000000000 0000000000000040
0x00007f76b6545b70:   00007f76a30edfa0 00007f76b0170110
0x00007f76b6545b80:   0000006e0000005b 0000007c00000077
0x00007f76b6545b90:   00007f76a30e8db0 00007f76b0170110
0x00007f76b6545ba0:   00000000ffffffff 0000000000000050 

Instructions: (pc=0x00007f76a32834f4)
0x00007f76a32834d4:   48 8d bc 24 b0 02 00 00 e8 ef 46 fb ff 49 8b 46
0x00007f76a32834e4:   28 49 8b 14 24 4c 8b 44 24 18 48 83 44 24 20 01
0x00007f76a32834f4:   48 8b 38 49 8b 45 28 f2 0f 10 00 48 8b 45 28 f2
0x00007f76a3283504:   0f 2c f0 f2 0f 10 08 4a 8b 04 02 4d 8b 47 28 f2 

Register to memory mapping:

RAX=0x0000000000000000 is an unknown value
RBX=0x00007f76b017ff70 is an unknown value
RCX=0x0000000000000000 is an unknown value
RDX=0x00007f76b017f960 is an unknown value
RSP=0x00007f76b65459b0 is pointing into the stack for thread: 0x00007f76b000b000
RBP=0x00007f76b017ffd0 is an unknown value
RSI=0x00007f76b654599f is pointing into the stack for thread: 0x00007f76b000b000
RDI=0x00007f76b017fda0 is an unknown value
R8 =0x0000000000000000 is an unknown value
R9 =0x0000000000000040 is an unknown value
R10=0x00000000fffffc00 is an unknown value
R11=0x0000000000000001 is an unknown value
R12=0x00007f76b6545de8 is pointing into the stack for thread: 0x00007f76b000b000
R13=0x00007f76b017fcc0 is an unknown value
R14=0x00007f76b017fd50 is an unknown value
R15=0x00007f76b017fe50 is an unknown value


Stack: [0x00007f76b6448000,0x00007f76b6549000],  sp=0x00007f76b65459b0,  free space=1014k
Native frames: (J=compiled Java code, j=interpreted, Vv=VM code, C=native code)
C  [libindri_jni.so+0x1ce4f4]  indri::api::QueryEnvironment::_copyStatistics(std::vector<indri::lang::RawScorerNode*, std::allocator<indri::lang::RawScorerNode*> >&, std::map<std::string, std::map<std::string, std::vector<indri::api::ScoredExtentResult, std::allocator<indri::api::ScoredExtentResult> >, std::less<std::string>, std::allocator<std::pair<std::string const, std::vector<indri::api::ScoredExtentResult, std::allocator<indri::api::ScoredExtentResult> > > > >, std::less<std::string>, std::allocator<std::pair<std::string const, std::map<std::string, std::vector<indri::api::ScoredExtentResult, std::allocator<indri::api::ScoredExtentResult> >, std::less<std::string>, std::allocator<std::pair<std::string const, std::vector<indri::api::ScoredExtentResult, std::allocator<indri::api::ScoredExtentResult> > > > > > > >&)+0xb14

Java frames: (J=compiled Java code, j=interpreted, Vv=VM code)
j  lemurproject.indri.indriJNI.QueryEnvironment_runQuery__SWIG_2(JLlemurproject/indri/QueryEnvironment;Llemurproject/indri/QueryRequest;)Llemurproject/indri/QueryResults;+0
j  lemurproject.indri.QueryEnvironment.runQuery(Llemurproject/indri/QueryRequest;)Llemurproject/indri/QueryResults;+6
j  com.ucl.search.sbr.services.query_submission.QueryRunner.submitQuery(Llemurproject/indri/QueryRequest;)Llemurproject/indri/QueryResults;+24
j  com.ucl.search.sbr.services.query_submission.QueryRunnerTest.testQueryRunner()V+61
v  ~StubRoutines::call_stub
j  sun.reflect.NativeMethodAccessorImpl.invoke0(Ljava/lang/reflect/Method;Ljava/lang/Object;[Ljava/lang/Object;)Ljava/lang/Object;+0
j  sun.reflect.NativeMethodAccessorImpl.invoke(Ljava/lang/Object;[Ljava/lang/Object;)Ljava/lang/Object;+87
j  sun.reflect.DelegatingMethodAccessorImpl.invoke(Ljava/lang/Object;[Ljava/lang/Object;)Ljava/lang/Object;+6
j  java.lang.reflect.Method.invoke(Ljava/lang/Object;[Ljava/lang/Object;)Ljava/lang/Object;+57
j  junit.framework.TestCase.runTest()V+107
j  junit.framework.TestCase.runBare()V+7
j  junit.framework.TestResult$1.protect()V+4
j  junit.framework.TestResult.runProtected(Ljunit/framework/Test;Ljunit/framework/Protectable;)V+1
j  junit.framework.TestResult.run(Ljunit/framework/TestCase;)V+18
j  junit.framework.TestCase.run(Ljunit/framework/TestResult;)V+2
j  junit.framework.TestSuite.runTest(Ljunit/framework/Test;Ljunit/framework/TestResult;)V+2
j  junit.framework.TestSuite.run(Ljunit/framework/TestResult;)V+40
j  org.junit.internal.runners.JUnit38ClassRunner.run(Lorg/junit/runner/notification/RunNotifier;)V+22
j  org.junit.runner.JUnitCore.run(Lorg/junit/runner/Runner;)Lorg/junit/runner/Result;+37
j  com.intellij.junit4.JUnit4IdeaTestRunner.startRunnerWithArgs([Ljava/lang/String;Ljava/util/ArrayList;Ljava/lang/String;Z)I+178
j  com.intellij.rt.execution.junit.JUnitStarter.prepareStreamsAndStart([Ljava/lang/String;ZLjava/util/ArrayList;Ljava/lang/String;Lcom/intellij/rt/execution/junit/segments/SegmentedOutputStream;Lcom/intellij/rt/execution/junit/segments/SegmentedOutputStream;)I+150
j  com.intellij.rt.execution.junit.JUnitStarter.main([Ljava/lang/String;)V+145
v  ~StubRoutines::call_stub
j  sun.reflect.NativeMethodAccessorImpl.invoke0(Ljava/lang/reflect/Method;Ljava/lang/Object;[Ljava/lang/Object;)Ljava/lang/Object;+0
j  sun.reflect.NativeMethodAccessorImpl.invoke(Ljava/lang/Object;[Ljava/lang/Object;)Ljava/lang/Object;+87
j  sun.reflect.DelegatingMethodAccessorImpl.invoke(Ljava/lang/Object;[Ljava/lang/Object;)Ljava/lang/Object;+6
j  java.lang.reflect.Method.invoke(Ljava/lang/Object;[Ljava/lang/Object;)Ljava/lang/Object;+57
j  com.intellij.rt.execution.application.AppMain.main([Ljava/lang/String;)V+163
v  ~StubRoutines::call_stub

---------------  P R O C E S S  ---------------

Java Threads: ( => current thread )
  0x00007f76b00e4800 JavaThread "Monitor Ctrl-Break" daemon [_thread_in_native, id=22638, stack(0x00007f76a8cdd000,0x00007f76a8dde000)]
  0x00007f76b00a7000 JavaThread "Service Thread" daemon [_thread_blocked, id=22636, stack(0x00007f76a90e1000,0x00007f76a91e2000)]
  0x00007f76b00a5000 JavaThread "C2 CompilerThread1" daemon [_thread_blocked, id=22635, stack(0x00007f76a91e2000,0x00007f76a92e3000)]
  0x00007f76b00a2000 JavaThread "C2 CompilerThread0" daemon [_thread_blocked, id=22634, stack(0x00007f76a92e3000,0x00007f76a93e4000)]
  0x00007f76b00a0000 JavaThread "Signal Dispatcher" daemon [_thread_blocked, id=22633, stack(0x00007f76a93e4000,0x00007f76a94e5000)]
  0x00007f76b007c800 JavaThread "Finalizer" daemon [_thread_blocked, id=22626, stack(0x00007f76a9bc8000,0x00007f76a9cc9000)]
  0x00007f76b007a800 JavaThread "Reference Handler" daemon [_thread_blocked, id=22625, stack(0x00007f76a9cc9000,0x00007f76a9dca000)]
=>0x00007f76b000b000 JavaThread "main" [_thread_in_native, id=22611, stack(0x00007f76b6448000,0x00007f76b6549000)]

Other Threads:
  0x00007f76b0076800 VMThread [stack: 0x00007f76a9dca000,0x00007f76a9ecb000] [id=22622]
  0x00007f76b00aa000 WatcherThread [stack: 0x00007f76a8fe0000,0x00007f76a90e1000] [id=22637]

VM state:not at safepoint (normal execution)

VM Mutex/Monitor currently owned by a thread: None

Heap
 PSYoungGen      total 37376K, used 4521K [0x00000007d6800000, 0x00000007d9180000, 0x0000000800000000)
  eden space 32256K, 14% used [0x00000007d6800000,0x00000007d6c6a600,0x00000007d8780000)
  from space 5120K, 0% used [0x00000007d8c80000,0x00000007d8c80000,0x00000007d9180000)
  to   space 5120K, 0% used [0x00000007d8780000,0x00000007d8780000,0x00000007d8c80000)
 ParOldGen       total 84992K, used 0K [0x0000000783800000, 0x0000000788b00000, 0x00000007d6800000)
  object space 84992K, 0% used [0x0000000783800000,0x0000000783800000,0x0000000788b00000)
 PSPermGen       total 21504K, used 4459K [0x0000000779200000, 0x000000077a700000, 0x0000000783800000)
  object space 21504K, 20% used [0x0000000779200000,0x000000077965ad58,0x000000077a700000)

Card table byte_map: [0x00007f76abb40000,0x00007f76abf78000] byte_map_base: 0x00007f76a7f77000

Polling page: 0x00007f76b6565000

Code Cache  [0x00007f76abf78000, 0x00007f76ac1e8000, 0x00007f76aef78000)
 total_blobs=238 nmethods=15 adapters=177 free_code_cache=48724Kb largest_free_block=49871616

Compilation events (10 events):
Event: 0.433 Thread 0x00007f76b00a5000 nmethod 9 0x00007f76abfdf110 code [0x00007f76abfdf260, 0x00007f76abfdf6f8]
Event: 0.433 Thread 0x00007f76b00a2000 nmethod 11 0x00007f76abfdeb90 code [0x00007f76abfdece0, 0x00007f76abfdef78]
Event: 0.439 Thread 0x00007f76b00a5000   12             java.lang.String::startsWith (72 bytes)
Event: 0.442 Thread 0x00007f76b00a5000 nmethod 12 0x00007f76abfde310 code [0x00007f76abfde460, 0x00007f76abfde658]
Event: 0.464 Thread 0x00007f76b00a2000   13             sun.net.www.ParseUtil::encodePath (336 bytes)
Event: 0.484 Thread 0x00007f76b00a5000   14             java.lang.String::length (6 bytes)
Event: 0.485 Thread 0x00007f76b00a5000 nmethod 14 0x00007f76abfdfd50 code [0x00007f76abfdfe80, 0x00007f76abfdfef8]
Event: 0.488 Thread 0x00007f76b00a2000 nmethod 13 0x00007f76abfe6890 code [0x00007f76abfe6ae0, 0x00007f76abfe7b38]
Event: 0.622 Thread 0x00007f76b00a5000   15             java.lang.Math::min (11 bytes)
Event: 0.622 Thread 0x00007f76b00a5000 nmethod 15 0x00007f76abfdfb90 code [0x00007f76abfdfcc0, 0x00007f76abfdfcf8]

GC Heap History (0 events):
No events

Deoptimization events (0 events):
No events

Internal exceptions (10 events):
Event: 0.475 Thread 0x00007f76b000b000 Threw 0x00000007d6c08758 at /build/buildd/openjdk-7-7u51-2.4.4/build/openjdk/hotspot/src/share/vm/prims/jvm.cpp:1244
Event: 0.477 Thread 0x00007f76b000b000 Threw 0x00000007d6c13438 at /build/buildd/openjdk-7-7u51-2.4.4/build/openjdk/hotspot/src/share/vm/prims/jvm.cpp:1244
Event: 0.478 Thread 0x00007f76b000b000 Threw 0x00000007d6c1a8c8 at /build/buildd/openjdk-7-7u51-2.4.4/build/openjdk/hotspot/src/share/vm/prims/jvm.cpp:1244
Event: 0.478 Thread 0x00007f76b000b000 Threw 0x00000007d6c1d500 at /build/buildd/openjdk-7-7u51-2.4.4/build/openjdk/hotspot/src/share/vm/prims/jvm.cpp:1244
Event: 0.479 Thread 0x00007f76b000b000 Threw 0x00000007d6c23560 at /build/buildd/openjdk-7-7u51-2.4.4/build/openjdk/hotspot/src/share/vm/prims/jvm.cpp:1244
Event: 0.480 Thread 0x00007f76b000b000 Threw 0x00000007d6c2a5f8 at /build/buildd/openjdk-7-7u51-2.4.4/build/openjdk/hotspot/src/share/vm/prims/jvm.cpp:1244
Event: 0.481 Thread 0x00007f76b000b000 Threw 0x00000007d6c2fd00 at /build/buildd/openjdk-7-7u51-2.4.4/build/openjdk/hotspot/src/share/vm/prims/jvm.cpp:1244
Event: 0.482 Thread 0x00007f76b000b000 Threw 0x00000007d6c39208 at /build/buildd/openjdk-7-7u51-2.4.4/build/openjdk/hotspot/src/share/vm/prims/jvm.cpp:1244
Event: 0.483 Thread 0x00007f76b000b000 Threw 0x00000007d6c44be0 at /build/buildd/openjdk-7-7u51-2.4.4/build/openjdk/hotspot/src/share/vm/prims/jvm.cpp:1244
Event: 0.618 Thread 0x00007f76b000b000 Threw 0x00000007d6c52568 at /build/buildd/openjdk-7-7u51-2.4.4/build/openjdk/hotspot/src/share/vm/prims/jni.cpp:743

Events (10 events):
Event: 0.484 loading class 0x00007f76ab0fb620
Event: 0.485 loading class 0x00007f76ab0fb620 done
Event: 0.618 loading class 0x00007f76ab0fd130
Event: 0.618 loading class 0x00007f76ab0fd3a0
Event: 0.618 loading class 0x00007f76ab0fd3a0 done
Event: 0.618 loading class 0x00007f76ab0fd130 done
Event: 0.618 loading class 0x00007f76ab0fd170
Event: 0.618 loading class 0x00007f76ab0fd170 done
Event: 0.618 loading class 0x00007f76680511a0
Event: 0.619 loading class 0x00007f76680511a0 done


Dynamic libraries:
00400000-00401000 r-xp 00000000 08:07 797141                             /usr/lib/jvm/java-7-openjdk-amd64/jre/bin/java
00600000-00601000 r--p 00000000 08:07 797141                             /usr/lib/jvm/java-7-openjdk-amd64/jre/bin/java
00601000-00602000 rw-p 00001000 08:07 797141                             /usr/lib/jvm/java-7-openjdk-amd64/jre/bin/java
00b85000-00ba6000 rw-p 00000000 00:00 0                                  [heap]
779200000-77a700000 rw-p 00000000 00:00 0 
77a700000-783800000 rw-p 00000000 00:00 0 
783800000-788b00000 rw-p 00000000 00:00 0 
788b00000-7d6800000 rw-p 00000000 00:00 0 
7d6800000-7d9180000 rw-p 00000000 00:00 0 
7d9180000-800000000 rw-p 00000000 00:00 0 
7f7660000000-7f7660021000 rw-p 00000000 00:00 0 
7f7660021000-7f7664000000 ---p 00000000 00:00 0 
7f7664000000-7f7664021000 rw-p 00000000 00:00 0 
7f7664021000-7f7668000000 ---p 00000000 00:00 0 
7f7668000000-7f766810e000 rw-p 00000000 00:00 0 
7f766810e000-7f766c000000 ---p 00000000 00:00 0 
7f766c000000-7f766c021000 rw-p 00000000 00:00 0 
7f766c021000-7f7670000000 ---p 00000000 00:00 0 
7f7670000000-7f7670021000 rw-p 00000000 00:00 0 
7f7670021000-7f7674000000 ---p 00000000 00:00 0 
7f7674000000-7f767410b000 rw-p 00000000 00:00 0 
7f767410b000-7f7678000000 ---p 00000000 00:00 0 
7f7678000000-7f7678021000 rw-p 00000000 00:00 0 
7f7678021000-7f767c000000 ---p 00000000 00:00 0 
7f767c000000-7f767c021000 rw-p 00000000 00:00 0 
7f767c021000-7f7680000000 ---p 00000000 00:00 0 
7f7680000000-7f7680021000 rw-p 00000000 00:00 0 
7f7680021000-7f7684000000 ---p 00000000 00:00 0 
7f7687c90000-7f768c000000 rw-p 00000000 00:00 0 
7f768c000000-7f768c021000 rw-p 00000000 00:00 0 
7f768c021000-7f7690000000 ---p 00000000 00:00 0 
7f7694000000-7f7694021000 rw-p 00000000 00:00 0 
7f7694021000-7f7698000000 ---p 00000000 00:00 0 
7f769c000000-7f769c021000 rw-p 00000000 00:00 0 
7f769c021000-7f76a0000000 ---p 00000000 00:00 0 
7f76a30b5000-7f76a34dd000 r-xp 00000000 08:07 415931                     /usr/lib/libindri_jni.so
7f76a34dd000-7f76a36dc000 ---p 00428000 08:07 415931                     /usr/lib/libindri_jni.so
7f76a36dc000-7f76a371e000 r--p 00427000 08:07 415931                     /usr/lib/libindri_jni.so
7f76a371e000-7f76a374e000 rw-p 00469000 08:07 415931                     /usr/lib/libindri_jni.so
7f76a374e000-7f76a3780000 rw-p 00000000 00:00 0 
7f76a3780000-7f76a37bc000 r-xp 00000000 08:07 3143541                    /lib/x86_64-linux-gnu/libpcre.so.3.12.1
7f76a37bc000-7f76a39bb000 ---p 0003c000 08:07 3143541                    /lib/x86_64-linux-gnu/libpcre.so.3.12.1
7f76a39bb000-7f76a39bc000 r--p 0003b000 08:07 3143541                    /lib/x86_64-linux-gnu/libpcre.so.3.12.1
7f76a39bc000-7f76a39bd000 rw-p 0003c000 08:07 3143541                    /lib/x86_64-linux-gnu/libpcre.so.3.12.1
7f76a39bd000-7f76a39c4000 r-xp 00000000 08:07 400425                     /usr/lib/x86_64-linux-gnu/libffi.so.6.0.0
7f76a39c4000-7f76a3bc3000 ---p 00007000 08:07 400425                     /usr/lib/x86_64-linux-gnu/libffi.so.6.0.0
7f76a3bc3000-7f76a3bc4000 r--p 00006000 08:07 400425                     /usr/lib/x86_64-linux-gnu/libffi.so.6.0.0
7f76a3bc4000-7f76a3bc5000 rw-p 00007000 08:07 400425                     /usr/lib/x86_64-linux-gnu/libffi.so.6.0.0
7f76a3bc5000-7f76a3bdd000 r-xp 00000000 08:07 3139700                    /lib/x86_64-linux-gnu/libresolv-2.15.so
7f76a3bdd000-7f76a3ddd000 ---p 00018000 08:07 3139700                    /lib/x86_64-linux-gnu/libresolv-2.15.so
7f76a3ddd000-7f76a3dde000 r--p 00018000 08:07 3139700                    /lib/x86_64-linux-gnu/libresolv-2.15.so
7f76a3dde000-7f76a3ddf000 rw-p 00019000 08:07 3139700                    /lib/x86_64-linux-gnu/libresolv-2.15.so
7f76a3ddf000-7f76a3de1000 rw-p 00000000 00:00 0 
7f76a3de1000-7f76a3dfe000 r-xp 00000000 08:07 3143556                    /lib/x86_64-linux-gnu/libselinux.so.1
7f76a3dfe000-7f76a3ffd000 ---p 0001d000 08:07 3143556                    /lib/x86_64-linux-gnu/libselinux.so.1
7f76a3ffd000-7f76a3ffe000 r--p 0001c000 08:07 3143556                    /lib/x86_64-linux-gnu/libselinux.so.1
7f76a3ffe000-7f76a3fff000 rw-p 0001d000 08:07 3143556                    /lib/x86_64-linux-gnu/libselinux.so.1
7f76a3fff000-7f76a4000000 rw-p 00000000 00:00 0 
7f76a4000000-7f76a4021000 rw-p 00000000 00:00 0 
7f76a4021000-7f76a8000000 ---p 00000000 00:00 0 
7f76a8002000-7f76a8005000 r-xp 00000000 08:07 392823                     /usr/lib/x86_64-linux-gnu/libgmodule-2.0.so.0.3200.4
7f76a8005000-7f76a8204000 ---p 00003000 08:07 392823                     /usr/lib/x86_64-linux-gnu/libgmodule-2.0.so.0.3200.4
7f76a8204000-7f76a8205000 r--p 00002000 08:07 392823                     /usr/lib/x86_64-linux-gnu/libgmodule-2.0.so.0.3200.4
7f76a8205000-7f76a8206000 rw-p 00003000 08:07 392823                     /usr/lib/x86_64-linux-gnu/libgmodule-2.0.so.0.3200.4
7f76a8206000-7f76a82f8000 r-xp 00000000 08:07 3143451                    /lib/x86_64-linux-gnu/libglib-2.0.so.0.3200.4
7f76a82f8000-7f76a84f8000 ---p 000f2000 08:07 3143451                    /lib/x86_64-linux-gnu/libglib-2.0.so.0.3200.4
7f76a84f8000-7f76a84f9000 r--p 000f2000 08:07 3143451                    /lib/x86_64-linux-gnu/libglib-2.0.so.0.3200.4
7f76a84f9000-7f76a84fa000 rw-p 000f3000 08:07 3143451                    /lib/x86_64-linux-gnu/libglib-2.0.so.0.3200.4
7f76a84fa000-7f76a84fb000 rw-p 00000000 00:00 0 
7f76a84fb000-7f76a8501000 r--s 00036000 08:07 1448177                    /root/.gradle/caches/modules-2/files-2.1/junit/junit/4.11/4e031bb61df09069aeb2bffb4019e7a5034a4ee0/junit-4.11.jar
7f76a8501000-7f76a8505000 r--s 0003d000 08:07 678077                     /usr/local/share/indri/indri.jar
7f76a8505000-7f76a8552000 r-xp 00000000 08:07 394143                     /usr/lib/x86_64-linux-gnu/libgobject-2.0.so.0.3200.4
7f76a8552000-7f76a8752000 ---p 0004d000 08:07 394143                     /usr/lib/x86_64-linux-gnu/libgobject-2.0.so.0.3200.4
7f76a8752000-7f76a8753000 r--p 0004d000 08:07 394143                     /usr/lib/x86_64-linux-gnu/libgobject-2.0.so.0.3200.4
7f76a8753000-7f76a8754000 rw-p 0004e000 08:07 394143                     /usr/lib/x86_64-linux-gnu/libgobject-2.0.so.0.3200.4
7f76a8754000-7f76a875e000 r--s 000b8000 08:07 797160                     /usr/lib/jvm/java-7-openjdk-amd64/jre/lib/resources.jar
7f76a875e000-7f76a876b000 r--s 00107000 08:07 797164                     /usr/lib/jvm/java-7-openjdk-amd64/jre/lib/rhino.jar
7f76a876b000-7f76a8776000 r--s 00203000 08:07 797150                     /usr/lib/jvm/java-7-openjdk-amd64/jre/lib/charsets.jar
7f76a8776000-7f76a88be000 r-xp 00000000 08:07 394142                     /usr/lib/x86_64-linux-gnu/libgio-2.0.so.0.3200.4
7f76a88be000-7f76a8abd000 ---p 00148000 08:07 394142                     /usr/lib/x86_64-linux-gnu/libgio-2.0.so.0.3200.4
7f76a8abd000-7f76a8ac1000 r--p 00147000 08:07 394142                     /usr/lib/x86_64-linux-gnu/libgio-2.0.so.0.3200.4
7f76a8ac1000-7f76a8ac3000 rw-p 0014b000 08:07 394142                     /usr/lib/x86_64-linux-gnu/libgio-2.0.so.0.3200.4
7f76a8ac3000-7f76a8ac5000 rw-p 00000000 00:00 0 
7f76a8ac5000-7f76a8adb000 r-xp 00000000 08:07 1353521                    /usr/lib/jvm/java-7-openjdk-amd64/jre/lib/amd64/libnet.so
7f76a8adb000-7f76a8cdb000 ---p 00016000 08:07 1353521                    /usr/lib/jvm/java-7-openjdk-amd64/jre/lib/amd64/libnet.so
7f76a8cdb000-7f76a8cdc000 r--p 00016000 08:07 1353521                    /usr/lib/jvm/java-7-openjdk-amd64/jre/lib/amd64/libnet.so
7f76a8cdc000-7f76a8cdd000 rw-p 00017000 08:07 1353521                    /usr/lib/jvm/java-7-openjdk-amd64/jre/lib/amd64/libnet.so
7f76a8cdd000-7f76a8ce0000 ---p 00000000 00:00 0 
7f76a8ce0000-7f76a8dde000 rw-p 00000000 00:00 0                          [stack:22638]
7f76a8dde000-7f76a8ddf000 r-xp 00000000 08:07 2626805                    /home/martin/Desktop/idea-IC-139.1117.1/bin/libbreakgen64.so
7f76a8ddf000-7f76a8fde000 ---p 00001000 08:07 2626805                    /home/martin/Desktop/idea-IC-139.1117.1/bin/libbreakgen64.so
7f76a8fde000-7f76a8fdf000 r--p 00000000 08:07 2626805                    /home/martin/Desktop/idea-IC-139.1117.1/bin/libbreakgen64.so
7f76a8fdf000-7f76a8fe0000 rw-p 00001000 08:07 2626805                    /home/martin/Desktop/idea-IC-139.1117.1/bin/libbreakgen64.so
7f76a8fe0000-7f76a8fe1000 ---p 00000000 00:00 0 
7f76a8fe1000-7f76a90e1000 rw-p 00000000 00:00 0                          [stack:22637]
7f76a90e1000-7f76a90e4000 ---p 00000000 00:00 0 
7f76a90e4000-7f76a91e2000 rw-p 00000000 00:00 0                          [stack:22636]
7f76a91e2000-7f76a91e5000 ---p 00000000 00:00 0 
7f76a91e5000-7f76a92e3000 rw-p 00000000 00:00 0                          [stack:22635]
7f76a92e3000-7f76a92e6000 ---p 00000000 00:00 0 
7f76a92e6000-7f76a93e4000 rw-p 00000000 00:00 0                          [stack:22634]
7f76a93e4000-7f76a93e7000 ---p 00000000 00:00 0 
7f76a93e7000-7f76a94e5000 rw-p 00000000 00:00 0                          [stack:22633]
7f76a94e5000-7f76a9bc8000 r--p 00000000 08:07 399407                     /usr/lib/locale/locale-archive
7f76a9bc8000-7f76a9bcb000 ---p 00000000 00:00 0 
7f76a9bcb000-7f76a9cc9000 rw-p 00000000 00:00 0                          [stack:22626]
7f76a9cc9000-7f76a9ccc000 ---p 00000000 00:00 0 
7f76a9ccc000-7f76a9dca000 rw-p 00000000 00:00 0                          [stack:22625]
7f76a9dca000-7f76a9dcb000 ---p 00000000 00:00 0 
7f76a9dcb000-7f76aaec7000 rw-p 00000000 00:00 0                          [stack:22622]
7f76aaec7000-7f76ab075000 r--s 01cf4000 08:07 797149                     /usr/lib/jvm/java-7-openjdk-amd64/jre/lib/rt.jar
7f76ab075000-7f76ab5a5000 rw-p 00000000 00:00 0 
7f76ab5a5000-7f76ab5a6000 ---p 00000000 00:00 0 
7f76ab5a6000-7f76ab6a6000 rw-p 00000000 00:00 0                          [stack:22619]
7f76ab6a6000-7f76ab6a7000 ---p 00000000 00:00 0 
7f76ab6a7000-7f76ab7a7000 rw-p 00000000 00:00 0                          [stack:22617]
7f76ab7a7000-7f76ab7a8000 ---p 00000000 00:00 0 
7f76ab7a8000-7f76ab8d2000 rw-p 00000000 00:00 0                          [stack:22615]
7f76ab8d2000-7f76abb40000 rw-p 00000000 00:00 0 
7f76abb40000-7f76abb4b000 rw-p 00000000 00:00 0 
7f76abb4b000-7f76abb93000 rw-p 00000000 00:00 0 
7f76abb93000-7f76abbbd000 rw-p 00000000 00:00 0 
7f76abbbd000-7f76abe2b000 rw-p 00000000 00:00 0 
7f76abe2b000-7f76abe40000 rw-p 00000000 00:00 0 
7f76abe40000-7f76abf77000 rw-p 00000000 00:00 0 
7f76abf77000-7f76abf78000 rw-p 00000000 00:00 0 
7f76abf78000-7f76ac1e8000 rwxp 00000000 00:00 0 
7f76ac1e8000-7f76aef78000 rw-p 00000000 00:00 0 
7f76aef78000-7f76aef80000 r-xp 00000000 08:07 1353511                    /usr/lib/jvm/java-7-openjdk-amd64/jre/lib/amd64/libzip.so
7f76aef80000-7f76af17f000 ---p 00008000 08:07 1353511                    /usr/lib/jvm/java-7-openjdk-amd64/jre/lib/amd64/libzip.so
7f76af17f000-7f76af180000 r--p 00007000 08:07 1353511                    /usr/lib/jvm/java-7-openjdk-amd64/jre/lib/amd64/libzip.so
7f76af180000-7f76af181000 rw-p 00008000 08:07 1353511                    /usr/lib/jvm/java-7-openjdk-amd64/jre/lib/amd64/libzip.so
7f76af181000-7f76af18d000 r-xp 00000000 08:07 3139699                    /lib/x86_64-linux-gnu/libnss_files-2.15.so
7f76af18d000-7f76af38c000 ---p 0000c000 08:07 3139699                    /lib/x86_64-linux-gnu/libnss_files-2.15.so
7f76af38c000-7f76af38d000 r--p 0000b000 08:07 3139699                    /lib/x86_64-linux-gnu/libnss_files-2.15.so
7f76af38d000-7f76af38e000 rw-p 0000c000 08:07 3139699                    /lib/x86_64-linux-gnu/libnss_files-2.15.so
7f76af38e000-7f76af398000 r-xp 00000000 08:07 3139703                    /lib/x86_64-linux-gnu/libnss_nis-2.15.so
7f76af398000-7f76af598000 ---p 0000a000 08:07 3139703                    /lib/x86_64-linux-gnu/libnss_nis-2.15.so
7f76af598000-7f76af599000 r--p 0000a000 08:07 3139703                    /lib/x86_64-linux-gnu/libnss_nis-2.15.so
7f76af599000-7f76af59a000 rw-p 0000b000 08:07 3139703                    /lib/x86_64-linux-gnu/libnss_nis-2.15.so
7f76af59a000-7f76af5b1000 r-xp 00000000 08:07 3143720                    /lib/x86_64-linux-gnu/libnsl-2.15.so
7f76af5b1000-7f76af7b0000 ---p 00017000 08:07 3143720                    /lib/x86_64-linux-gnu/libnsl-2.15.so
7f76af7b0000-7f76af7b1000 r--p 00016000 08:07 3143720                    /lib/x86_64-linux-gnu/libnsl-2.15.so
7f76af7b1000-7f76af7b2000 rw-p 00017000 08:07 3143720                    /lib/x86_64-linux-gnu/libnsl-2.15.so
7f76af7b2000-7f76af7b4000 rw-p 00000000 00:00 0 
7f76af7b4000-7f76af7bc000 r-xp 00000000 08:07 3139697                    /lib/x86_64-linux-gnu/libnss_compat-2.15.so
7f76af7bc000-7f76af9bb000 ---p 00008000 08:07 3139697                    /lib/x86_64-linux-gnu/libnss_compat-2.15.so
7f76af9bb000-7f76af9bc000 r--p 00007000 08:07 3139697                    /lib/x86_64-linux-gnu/libnss_compat-2.15.so
7f76af9bc000-7f76af9bd000 rw-p 00008000 08:07 3139697                    /lib/x86_64-linux-gnu/libnss_compat-2.15.so
7f76af9bd000-7f76af9e6000 r-xp 00000000 08:07 1353503                    /usr/lib/jvm/java-7-openjdk-amd64/jre/lib/amd64/libjava.so
7f76af9e6000-7f76afbe5000 ---p 00029000 08:07 1353503                    /usr/lib/jvm/java-7-openjdk-amd64/jre/lib/amd64/libjava.so
7f76afbe5000-7f76afbe6000 r--p 00028000 08:07 1353503                    /usr/lib/jvm/java-7-openjdk-amd64/jre/lib/amd64/libjava.so
7f76afbe6000-7f76afbe8000 rw-p 00029000 08:07 1353503                    /usr/lib/jvm/java-7-openjdk-amd64/jre/lib/amd64/libjava.so
7f76afbe8000-7f76afbf6000 r-xp 00000000 08:07 1353565                    /usr/lib/jvm/java-7-openjdk-amd64/jre/lib/amd64/libverify.so
7f76afbf6000-7f76afdf5000 ---p 0000e000 08:07 1353565                    /usr/lib/jvm/java-7-openjdk-amd64/jre/lib/amd64/libverify.so
7f76afdf5000-7f76afdf7000 r--p 0000d000 08:07 1353565                    /usr/lib/jvm/java-7-openjdk-amd64/jre/lib/amd64/libverify.so
7f76afdf7000-7f76afdf8000 rw-p 0000f000 08:07 1353565                    /usr/lib/jvm/java-7-openjdk-amd64/jre/lib/amd64/libverify.so
7f76afdf8000-7f76afdff000 r-xp 00000000 08:07 3139702                    /lib/x86_64-linux-gnu/librt-2.15.so
7f76afdff000-7f76afffe000 ---p 00007000 08:07 3139702                    /lib/x86_64-linux-gnu/librt-2.15.so
7f76afffe000-7f76affff000 r--p 00006000 08:07 3139702                    /lib/x86_64-linux-gnu/librt-2.15.so
7f76affff000-7f76b0000000 rw-p 00007000 08:07 3139702                    /lib/x86_64-linux-gnu/librt-2.15.so
7f76b0000000-7f76b0188000 rw-p 00000000 00:00 0 
7f76b0188000-7f76b4000000 ---p 00000000 00:00 0 
7f76b4002000-7f76b4007000 r--s 0004c000 08:07 797163                     /usr/lib/jvm/java-7-openjdk-amd64/jre/lib/jsse.jar
7f76b4007000-7f76b4008000 r--s 0000a000 08:07 797159                     /usr/lib/jvm/java-7-openjdk-amd64/jre/lib/javazic.jar
7f76b4008000-7f76b4009000 r--s 00000000 08:07 797168                     /usr/lib/jvm/java-7-openjdk-amd64/jre/lib/management-agent.jar
7f76b4009000-7f76b400c000 r--s 00017000 08:07 797151                     /usr/lib/jvm/java-7-openjdk-amd64/jre/lib/jce.jar
7f76b400c000-7f76b4037000 rw-p 00000000 00:00 0 
7f76b4037000-7f76b4038000 ---p 00000000 00:00 0 
7f76b4038000-7f76b4143000 rw-p 00000000 00:00 0                          [stack:22614]
7f76b4143000-7f76b418b000 rw-p 00000000 00:00 0 
7f76b418b000-7f76b41a0000 r-xp 00000000 08:07 3143489                    /lib/x86_64-linux-gnu/libgcc_s.so.1
7f76b41a0000-7f76b439f000 ---p 00015000 08:07 3143489                    /lib/x86_64-linux-gnu/libgcc_s.so.1
7f76b439f000-7f76b43a0000 r--p 00014000 08:07 3143489                    /lib/x86_64-linux-gnu/libgcc_s.so.1
7f76b43a0000-7f76b43a1000 rw-p 00015000 08:07 3143489                    /lib/x86_64-linux-gnu/libgcc_s.so.1
7f76b43a1000-7f76b449c000 r-xp 00000000 08:07 3139706                    /lib/x86_64-linux-gnu/libm-2.15.so
7f76b449c000-7f76b469b000 ---p 000fb000 08:07 3139706                    /lib/x86_64-linux-gnu/libm-2.15.so
7f76b469b000-7f76b469c000 r--p 000fa000 08:07 3139706                    /lib/x86_64-linux-gnu/libm-2.15.so
7f76b469c000-7f76b469d000 rw-p 000fb000 08:07 3139706                    /lib/x86_64-linux-gnu/libm-2.15.so
7f76b469d000-7f76b477f000 r-xp 00000000 08:07 400775                     /usr/lib/x86_64-linux-gnu/libstdc++.so.6.0.16
7f76b477f000-7f76b497e000 ---p 000e2000 08:07 400775                     /usr/lib/x86_64-linux-gnu/libstdc++.so.6.0.16
7f76b497e000-7f76b4986000 r--p 000e1000 08:07 400775                     /usr/lib/x86_64-linux-gnu/libstdc++.so.6.0.16
7f76b4986000-7f76b4988000 rw-p 000e9000 08:07 400775                     /usr/lib/x86_64-linux-gnu/libstdc++.so.6.0.16
7f76b4988000-7f76b499d000 rw-p 00000000 00:00 0 
7f76b499d000-7f76b5458000 r-xp 00000000 08:07 1353533                    /usr/lib/jvm/java-7-openjdk-amd64/jre/lib/amd64/server/libjvm.so
7f76b5458000-7f76b5658000 ---p 00abb000 08:07 1353533                    /usr/lib/jvm/java-7-openjdk-amd64/jre/lib/amd64/server/libjvm.so
7f76b5658000-7f76b56f0000 r--p 00abb000 08:07 1353533                    /usr/lib/jvm/java-7-openjdk-amd64/jre/lib/amd64/server/libjvm.so
7f76b56f0000-7f76b5713000 rw-p 00b53000 08:07 1353533                    /usr/lib/jvm/java-7-openjdk-amd64/jre/lib/amd64/server/libjvm.so
7f76b5713000-7f76b5740000 rw-p 00000000 00:00 0 
7f76b5740000-7f76b5756000 r-xp 00000000 08:07 3143579                    /lib/x86_64-linux-gnu/libz.so.1.2.3.4
7f76b5756000-7f76b5955000 ---p 00016000 08:07 3143579                    /lib/x86_64-linux-gnu/libz.so.1.2.3.4
7f76b5955000-7f76b5956000 r--p 00015000 08:07 3143579                    /lib/x86_64-linux-gnu/libz.so.1.2.3.4
7f76b5956000-7f76b5957000 rw-p 00016000 08:07 3143579                    /lib/x86_64-linux-gnu/libz.so.1.2.3.4
7f76b5957000-7f76b596f000 r-xp 00000000 08:07 3139704                    /lib/x86_64-linux-gnu/libpthread-2.15.so
7f76b596f000-7f76b5b6e000 ---p 00018000 08:07 3139704                    /lib/x86_64-linux-gnu/libpthread-2.15.so
7f76b5b6e000-7f76b5b6f000 r--p 00017000 08:07 3139704                    /lib/x86_64-linux-gnu/libpthread-2.15.so
7f76b5b6f000-7f76b5b70000 rw-p 00018000 08:07 3139704                    /lib/x86_64-linux-gnu/libpthread-2.15.so
7f76b5b70000-7f76b5b74000 rw-p 00000000 00:00 0 
7f76b5b74000-7f76b5b76000 r-xp 00000000 08:07 3139710                    /lib/x86_64-linux-gnu/libdl-2.15.so
7f76b5b76000-7f76b5d76000 ---p 00002000 08:07 3139710                    /lib/x86_64-linux-gnu/libdl-2.15.so
7f76b5d76000-7f76b5d77000 r--p 00002000 08:07 3139710                    /lib/x86_64-linux-gnu/libdl-2.15.so
7f76b5d77000-7f76b5d78000 rw-p 00003000 08:07 3139710                    /lib/x86_64-linux-gnu/libdl-2.15.so
7f76b5d78000-7f76b5f2d000 r-xp 00000000 08:07 3139595                    /lib/x86_64-linux-gnu/libc-2.15.so
7f76b5f2d000-7f76b612d000 ---p 001b5000 08:07 3139595                    /lib/x86_64-linux-gnu/libc-2.15.so
7f76b612d000-7f76b6131000 r--p 001b5000 08:07 3139595                    /lib/x86_64-linux-gnu/libc-2.15.so
7f76b6131000-7f76b6133000 rw-p 001b9000 08:07 3139595                    /lib/x86_64-linux-gnu/libc-2.15.so
7f76b6133000-7f76b6138000 rw-p 00000000 00:00 0 
7f76b6138000-7f76b6145000 r-xp 00000000 08:07 1579586                    /usr/lib/jvm/java-7-openjdk-amd64/jre/lib/amd64/jli/libjli.so
7f76b6145000-7f76b6344000 ---p 0000d000 08:07 1579586                    /usr/lib/jvm/java-7-openjdk-amd64/jre/lib/amd64/jli/libjli.so
7f76b6344000-7f76b6345000 r--p 0000c000 08:07 1579586                    /usr/lib/jvm/java-7-openjdk-amd64/jre/lib/amd64/jli/libjli.so
7f76b6345000-7f76b6346000 rw-p 0000d000 08:07 1579586                    /usr/lib/jvm/java-7-openjdk-amd64/jre/lib/amd64/jli/libjli.so
7f76b6346000-7f76b6368000 r-xp 00000000 08:07 3139707                    /lib/x86_64-linux-gnu/ld-2.15.so
7f76b6368000-7f76b6369000 r--s 00000000 08:07 797170                     /usr/lib/jvm/java-7-openjdk-amd64/jre/lib/compilefontconfig.jar
7f76b6379000-7f76b637e000 r--s 0002a000 08:07 2626845                    /home/martin/Downloads/google-gson-2.2.4/gson-2.2.4.jar
7f76b637e000-7f76b6380000 r--s 00009000 08:07 1448178                    /root/.gradle/caches/modules-2/files-2.1/org.hamcrest/hamcrest-core/1.3/42a25dc3219429f0e5d060061f71acb49bf010a0/hamcrest-core-1.3.jar
7f76b6380000-7f76b6381000 r--p 00000000 08:07 793302                     /usr/share/locale-langpack/en_GB/LC_MESSAGES/libc.mo
7f76b6381000-7f76b6383000 r--s 00020000 08:07 2887713                    /home/martin/Desktop/idea-IC-139.1117.1/plugins/junit/lib/junit-rt.jar
7f76b6383000-7f76b6385000 r--s 00016000 08:07 2623495                    /home/martin/Desktop/idea-IC-139.1117.1/lib/idea_rt.jar
7f76b6385000-7f76b6388000 r--s 00032000 08:07 797155                     /usr/lib/jvm/java-7-openjdk-amd64/jre/lib/ext/sunjce_provider.jar
7f76b6388000-7f76b6392000 rw-p 00000000 00:00 0 
7f76b6392000-7f76b6448000 rw-p 00000000 00:00 0 
7f76b6448000-7f76b644b000 ---p 00000000 00:00 0 
7f76b644b000-7f76b654e000 rw-p 00000000 00:00 0                          [stack:22611]
7f76b654e000-7f76b654f000 r--s 00002000 08:07 797158                     /usr/lib/jvm/java-7-openjdk-amd64/jre/lib/ext/dnsns.jar
7f76b654f000-7f76b6553000 r--s 0003b000 08:07 797157                     /usr/lib/jvm/java-7-openjdk-amd64/jre/lib/ext/sunpkcs11.jar
7f76b6553000-7f76b6555000 r--s 0000f000 08:07 797153                     /usr/lib/jvm/java-7-openjdk-amd64/jre/lib/ext/pulse-java.jar
7f76b6555000-7f76b6557000 r--s 00012000 08:07 797154                     /usr/lib/jvm/java-7-openjdk-amd64/jre/lib/ext/zipfs.jar
7f76b6557000-7f76b6558000 r--s 00007000 08:07 673955                     /usr/share/java/java-atk-wrapper.jar
7f76b6558000-7f76b655c000 r--s 00085000 08:07 797156                     /usr/lib/jvm/java-7-openjdk-amd64/jre/lib/ext/localedata.jar
7f76b655c000-7f76b6564000 rw-s 00000000 08:07 1840435                    /tmp/hsperfdata_root/22608
7f76b6564000-7f76b6565000 rw-p 00000000 00:00 0 
7f76b6565000-7f76b6566000 r--p 00000000 00:00 0 
7f76b6566000-7f76b6568000 rw-p 00000000 00:00 0 
7f76b6568000-7f76b6569000 r--p 00022000 08:07 3139707                    /lib/x86_64-linux-gnu/ld-2.15.so
7f76b6569000-7f76b656b000 rw-p 00023000 08:07 3139707                    /lib/x86_64-linux-gnu/ld-2.15.so
7fffbf382000-7fffbf3a3000 rw-p 00000000 00:00 0                          [stack]
7fffbf3fe000-7fffbf400000 r-xp 00000000 00:00 0                          [vdso]
ffffffffff600000-ffffffffff601000 r-xp 00000000 00:00 0                  [vsyscall]

VM Arguments:
jvm_args: -Didea.launcher.port=7534 -Didea.launcher.bin.path=/home/martin/Desktop/idea-IC-139.1117.1/bin -Dfile.encoding=UTF-8 
java_command: com.intellij.rt.execution.application.AppMain com.intellij.rt.execution.junit.JUnitStarter -ideVersion5 com.ucl.search.sbr.services.query_submission.QueryRunnerTest
Launcher Type: SUN_STANDARD

Environment Variables:
JAVA_HOME=/usr/lib/jvm/java-7-openjdk-amd64/
CLASSPATH=./../lib/bootstrap.jar:./../lib/extensions.jar:./../lib/util.jar:./../lib/jdom.jar:./../lib/log4j.jar:./../lib/trove4j.jar:./../lib/jna.jar:/usr/lib/jvm/java-7-openjdk-amd64//lib/tools.jar
PATH=/usr/local/sbin:/usr/local/bin:/usr/sbin:/usr/bin:/sbin:/bin
USERNAME=root
LD_LIBRARY_PATH=.:
SHELL=/bin/bash
DISPLAY=:0

Signal Handlers:
SIGSEGV: [libjvm.so+0x8f6d70], sa_mask[0]=0x7ffbfeff, sa_flags=0x10000004
SIGBUS: [libjvm.so+0x8f6d70], sa_mask[0]=0x7ffbfeff, sa_flags=0x10000004
SIGFPE: [libjvm.so+0x77aeb0], sa_mask[0]=0x7ffbfeff, sa_flags=0x10000004
SIGPIPE: [libjvm.so+0x77aeb0], sa_mask[0]=0x7ffbfeff, sa_flags=0x10000004
SIGXFSZ: [libjvm.so+0x77aeb0], sa_mask[0]=0x7ffbfeff, sa_flags=0x10000004
SIGILL: [libjvm.so+0x77aeb0], sa_mask[0]=0x7ffbfeff, sa_flags=0x10000004
SIGUSR1: SIG_DFL, sa_mask[0]=0x00000000, sa_flags=0x00000000
SIGUSR2: [libjvm.so+0x77b130], sa_mask[0]=0x00000004, sa_flags=0x10000004
SIGHUP: [libjvm.so+0x77b2a0], sa_mask[0]=0x7ffbfeff, sa_flags=0x10000004
SIGINT: [libjvm.so+0x77b2a0], sa_mask[0]=0x7ffbfeff, sa_flags=0x10000004
SIGTERM: [libjvm.so+0x77b2a0], sa_mask[0]=0x7ffbfeff, sa_flags=0x10000004
SIGQUIT: [libjvm.so+0x77b2a0], sa_mask[0]=0x7ffbfeff, sa_flags=0x10000004


---------------  S Y S T E M  ---------------

OS:Ubuntu 12.04 (precise)
uname:Linux 3.8.0-35-generic #50~precise1-Ubuntu SMP Wed Dec 4 17:25:51 UTC 2013 x86_64
libc:glibc 2.15 NPTL 2.15 
rlimit: STACK 8192k, CORE 0k, NPROC 63595, NOFILE 4096, AS infinity
load average:1.28 1.13 1.15

/proc/meminfo:
MemTotal:        8159076 kB
MemFree:         1220076 kB
Buffers:          172784 kB
Cached:          1983476 kB
SwapCached:            0 kB
Active:          4401584 kB
Inactive:        2085272 kB
Active(anon):    3450312 kB
Inactive(anon):   995024 kB
Active(file):     951272 kB
Inactive(file):  1090248 kB
Unevictable:         128 kB
Mlocked:             128 kB
SwapTotal:       8368124 kB
SwapFree:        8367904 kB
Dirty:              3516 kB
Writeback:             0 kB
AnonPages:       4330656 kB
Mapped:           372348 kB
Shmem:            114732 kB
Slab:             260220 kB
SReclaimable:     217204 kB
SUnreclaim:        43016 kB
KernelStack:        6072 kB
PageTables:        50580 kB
NFS_Unstable:          0 kB
Bounce:                0 kB
WritebackTmp:          0 kB
CommitLimit:    12447660 kB
Committed_AS:    9950288 kB
VmallocTotal:   34359738367 kB
VmallocUsed:      317172 kB
VmallocChunk:   34359417724 kB
HardwareCorrupted:     0 kB
AnonHugePages:         0 kB
HugePages_Total:       0
HugePages_Free:        0
HugePages_Rsvd:        0
HugePages_Surp:        0
Hugepagesize:       2048 kB
DirectMap4k:      196608 kB
DirectMap2M:     8175616 kB


CPU:total 4 (2 cores per cpu, 2 threads per core) family 6 model 42 stepping 7, cmov, cx8, fxsr, mmx, sse, sse2, sse3, ssse3, sse4.1, sse4.2, popcnt, avx, aes, ht, tsc, tscinvbit

/proc/cpuinfo:
processor	: 0
vendor_id	: GenuineIntel
cpu family	: 6
model		: 42
model name	: Intel(R) Core(TM) i5-2450M CPU @ 2.50GHz
stepping	: 7
microcode	: 0x23
cpu MHz		: 2501.000
cache size	: 3072 KB
physical id	: 0
siblings	: 4
core id		: 0
cpu cores	: 2
apicid		: 0
initial apicid	: 0
fpu		: yes
fpu_exception	: yes
cpuid level	: 13
wp		: yes
flags		: fpu vme de pse tsc msr pae mce cx8 apic sep mtrr pge mca cmov pat pse36 clflush dts acpi mmx fxsr sse sse2 ss ht tm pbe syscall nx rdtscp lm constant_tsc arch_perfmon pebs bts rep_good nopl xtopology nonstop_tsc aperfmperf eagerfpu pni pclmulqdq dtes64 monitor ds_cpl vmx est tm2 ssse3 cx16 xtpr pdcm pcid sse4_1 sse4_2 x2apic popcnt tsc_deadline_timer aes xsave avx lahf_lm ida arat epb xsaveopt pln pts dtherm tpr_shadow vnmi flexpriority ept vpid
bogomips	: 4989.06
clflush size	: 64
cache_alignment	: 64
address sizes	: 36 bits physical, 48 bits virtual
power management:

processor	: 1
vendor_id	: GenuineIntel
cpu family	: 6
model		: 42
model name	: Intel(R) Core(TM) i5-2450M CPU @ 2.50GHz
stepping	: 7
microcode	: 0x23
cpu MHz		: 800.000
cache size	: 3072 KB
physical id	: 0
siblings	: 4
core id		: 0
cpu cores	: 2
apicid		: 1
initial apicid	: 1
fpu		: yes
fpu_exception	: yes
cpuid level	: 13
wp		: yes
flags		: fpu vme de pse tsc msr pae mce cx8 apic sep mtrr pge mca cmov pat pse36 clflush dts acpi mmx fxsr sse sse2 ss ht tm pbe syscall nx rdtscp lm constant_tsc arch_perfmon pebs bts rep_good nopl xtopology nonstop_tsc aperfmperf eagerfpu pni pclmulqdq dtes64 monitor ds_cpl vmx est tm2 ssse3 cx16 xtpr pdcm pcid sse4_1 sse4_2 x2apic popcnt tsc_deadline_timer aes xsave avx lahf_lm ida arat epb xsaveopt pln pts dtherm tpr_shadow vnmi flexpriority ept vpid
bogomips	: 4989.06
clflush size	: 64
cache_alignment	: 64
address sizes	: 36 bits physical, 48 bits virtual
power management:

processor	: 2
vendor_id	: GenuineIntel
cpu family	: 6
model		: 42
model name	: Intel(R) Core(TM) i5-2450M CPU @ 2.50GHz
stepping	: 7
microcode	: 0x23
cpu MHz		: 2501.000
cache size	: 3072 KB
physical id	: 0
siblings	: 4
core id		: 1
cpu cores	: 2
apicid		: 2
initial apicid	: 2
fpu		: yes
fpu_exception	: yes
cpuid level	: 13
wp		: yes
flags		: fpu vme de pse tsc msr pae mce cx8 apic sep mtrr pge mca cmov pat pse36 clflush dts acpi mmx fxsr sse sse2 ss ht tm pbe syscall nx rdtscp lm constant_tsc arch_perfmon pebs bts rep_good nopl xtopology nonstop_tsc aperfmperf eagerfpu pni pclmulqdq dtes64 monitor ds_cpl vmx est tm2 ssse3 cx16 xtpr pdcm pcid sse4_1 sse4_2 x2apic popcnt tsc_deadline_timer aes xsave avx lahf_lm ida arat epb xsaveopt pln pts dtherm tpr_shadow vnmi flexpriority ept vpid
bogomips	: 4989.06
clflush size	: 64
cache_alignment	: 64
address sizes	: 36 bits physical, 48 bits virtual
power management:

processor	: 3
vendor_id	: GenuineIntel
cpu family	: 6
model		: 42
model name	: Intel(R) Core(TM) i5-2450M CPU @ 2.50GHz
stepping	: 7
microcode	: 0x23
cpu MHz		: 2501.000
cache size	: 3072 KB
physical id	: 0
siblings	: 4
core id		: 1
cpu cores	: 2
apicid		: 3
initial apicid	: 3
fpu		: yes
fpu_exception	: yes
cpuid level	: 13
wp		: yes
flags		: fpu vme de pse tsc msr pae mce cx8 apic sep mtrr pge mca cmov pat pse36 clflush dts acpi mmx fxsr sse sse2 ss ht tm pbe syscall nx rdtscp lm constant_tsc arch_perfmon pebs bts rep_good nopl xtopology nonstop_tsc aperfmperf eagerfpu pni pclmulqdq dtes64 monitor ds_cpl vmx est tm2 ssse3 cx16 xtpr pdcm pcid sse4_1 sse4_2 x2apic popcnt tsc_deadline_timer aes xsave avx lahf_lm ida arat epb xsaveopt pln pts dtherm tpr_shadow vnmi flexpriority ept vpid
bogomips	: 4989.06
clflush size	: 64
cache_alignment	: 64
address sizes	: 36 bits physical, 48 bits virtual
power management:



Memory: 4k page, physical 8159076k(1220076k free), swap 8368124k(8367904k free)

vm_info: OpenJDK 64-Bit Server VM (24.45-b08) for linux-amd64 JRE (1.7.0_51-b00), built on Jan 16 2014 18:37:59 by "buildd" with gcc 4.6.3

time: Tue Feb 24 15:33:13 2015
elapsed time: 0 seconds

